<?xml version="1.0" encoding="UTF-8"?>
<!-- Generated by org.testng.reporters.JUnitXMLReporter -->
<testsuite ignored="0" hostname="LAPTOP-UJVGA3VP" failures="1" tests="4" name="Default test" time="16.242" errors="0" timestamp="2025-02-10T04:08:49 GMT">
  <testcase classname="io.cucumber.testng.AbstractTestNGCucumberTests" name="runScenario" time="3.865"/>
  <testcase classname="io.cucumber.testng.AbstractTestNGCucumberTests" name="runScenario" time="2.972">
    <failure type="java.lang.AssertionError" message="expected [true] but found [false]">
      <![CDATA[java.lang.AssertionError: expected [true] but found [false]
at org.testng.Assert.fail(Assert.java:111)
at org.testng.Assert.failNotEquals(Assert.java:1578)
at org.testng.Assert.assertTrue(Assert.java:57)
at org.testng.Assert.assertTrue(Assert.java:67)
at com.techademy.maven.testng.techademy_assignment.definitions.PageDefinitions.ABTestPage(PageDefinitions.java:52)
at ✽.Verify the presence of "A/B Test Variation 1" in the page(file:///C:/techademy/Selenium/techademy_selenium/techademy_assignment/src/test/resources/features/CapstoneAssignment.feature:14)
]]>
    </failure>
  </testcase> <!-- runScenario -->
  <testcase classname="io.cucumber.testng.AbstractTestNGCucumberTests" name="runScenario" time="5.799"/>
  <testcase classname="io.cucumber.testng.AbstractTestNGCucumberTests" name="runScenario" time="3.232"/>
</testsuite> <!-- Default test -->
